{"/home/dp/Documents/github/frontend-project-lvl2/src/gendiff.js": {"path":"/home/dp/Documents/github/frontend-project-lvl2/src/gendiff.js","all":false,"statementMap":{"0":{"start":{"line":1,"column":0},"end":{"line":1,"column":20}},"1":{"start":{"line":2,"column":0},"end":{"line":2,"column":24}},"2":{"start":{"line":3,"column":0},"end":{"line":3,"column":23}},"3":{"start":{"line":4,"column":0},"end":{"line":4,"column":0}},"4":{"start":{"line":5,"column":0},"end":{"line":5,"column":16}},"5":{"start":{"line":6,"column":0},"end":{"line":6,"column":15}},"6":{"start":{"line":7,"column":0},"end":{"line":7,"column":16}},"7":{"start":{"line":8,"column":0},"end":{"line":8,"column":16}},"8":{"start":{"line":9,"column":0},"end":{"line":9,"column":2}},"9":{"start":{"line":10,"column":0},"end":{"line":10,"column":0}},"10":{"start":{"line":11,"column":0},"end":{"line":11,"column":44}},"11":{"start":{"line":12,"column":0},"end":{"line":12,"column":40}},"12":{"start":{"line":13,"column":0},"end":{"line":13,"column":34}},"13":{"start":{"line":14,"column":0},"end":{"line":14,"column":34}},"14":{"start":{"line":15,"column":0},"end":{"line":15,"column":0}},"15":{"start":{"line":16,"column":0},"end":{"line":16,"column":79}},"16":{"start":{"line":17,"column":0},"end":{"line":17,"column":79}},"17":{"start":{"line":18,"column":0},"end":{"line":18,"column":68}},"18":{"start":{"line":19,"column":0},"end":{"line":19,"column":0}},"19":{"start":{"line":20,"column":0},"end":{"line":20,"column":43}},"20":{"start":{"line":21,"column":0},"end":{"line":21,"column":35}},"21":{"start":{"line":22,"column":0},"end":{"line":22,"column":35}},"22":{"start":{"line":23,"column":0},"end":{"line":23,"column":0}},"23":{"start":{"line":24,"column":0},"end":{"line":24,"column":31}},"24":{"start":{"line":25,"column":0},"end":{"line":25,"column":31}},"25":{"start":{"line":26,"column":0},"end":{"line":26,"column":0}},"26":{"start":{"line":27,"column":0},"end":{"line":27,"column":53}},"27":{"start":{"line":28,"column":0},"end":{"line":28,"column":0}},"28":{"start":{"line":29,"column":0},"end":{"line":29,"column":18}},"29":{"start":{"line":30,"column":0},"end":{"line":30,"column":0}},"30":{"start":{"line":31,"column":0},"end":{"line":31,"column":36}},"31":{"start":{"line":32,"column":0},"end":{"line":32,"column":40}},"32":{"start":{"line":33,"column":0},"end":{"line":33,"column":40}},"33":{"start":{"line":34,"column":0},"end":{"line":34,"column":0}},"34":{"start":{"line":35,"column":0},"end":{"line":35,"column":49}},"35":{"start":{"line":36,"column":0},"end":{"line":36,"column":30}},"36":{"start":{"line":37,"column":0},"end":{"line":37,"column":16}},"37":{"start":{"line":38,"column":0},"end":{"line":38,"column":20}},"38":{"start":{"line":39,"column":0},"end":{"line":39,"column":24}},"39":{"start":{"line":40,"column":0},"end":{"line":40,"column":28}},"40":{"start":{"line":41,"column":0},"end":{"line":41,"column":10}},"41":{"start":{"line":42,"column":0},"end":{"line":42,"column":7}},"42":{"start":{"line":43,"column":0},"end":{"line":43,"column":14}},"43":{"start":{"line":44,"column":0},"end":{"line":44,"column":18}},"44":{"start":{"line":45,"column":0},"end":{"line":45,"column":15}},"45":{"start":{"line":46,"column":0},"end":{"line":46,"column":15}},"46":{"start":{"line":47,"column":0},"end":{"line":47,"column":24}},"47":{"start":{"line":48,"column":0},"end":{"line":48,"column":8}},"48":{"start":{"line":49,"column":0},"end":{"line":49,"column":5}},"49":{"start":{"line":50,"column":0},"end":{"line":50,"column":29}},"50":{"start":{"line":51,"column":0},"end":{"line":51,"column":14}},"51":{"start":{"line":52,"column":0},"end":{"line":52,"column":18}},"52":{"start":{"line":53,"column":0},"end":{"line":53,"column":22}},"53":{"start":{"line":54,"column":0},"end":{"line":54,"column":24}},"54":{"start":{"line":55,"column":0},"end":{"line":55,"column":8}},"55":{"start":{"line":56,"column":0},"end":{"line":56,"column":5}},"56":{"start":{"line":57,"column":0},"end":{"line":57,"column":50}},"57":{"start":{"line":58,"column":0},"end":{"line":58,"column":14}},"58":{"start":{"line":59,"column":0},"end":{"line":59,"column":18}},"59":{"start":{"line":60,"column":0},"end":{"line":60,"column":22}},"60":{"start":{"line":61,"column":0},"end":{"line":61,"column":22}},"61":{"start":{"line":62,"column":0},"end":{"line":62,"column":8}},"62":{"start":{"line":63,"column":0},"end":{"line":63,"column":5}},"63":{"start":{"line":64,"column":0},"end":{"line":64,"column":18}},"64":{"start":{"line":65,"column":0},"end":{"line":65,"column":5}},"65":{"start":{"line":66,"column":0},"end":{"line":66,"column":25}},"66":{"start":{"line":67,"column":0},"end":{"line":67,"column":28}},"67":{"start":{"line":68,"column":0},"end":{"line":68,"column":31}},"68":{"start":{"line":69,"column":0},"end":{"line":69,"column":31}},"69":{"start":{"line":70,"column":0},"end":{"line":70,"column":19}},"70":{"start":{"line":71,"column":0},"end":{"line":71,"column":21}},"71":{"start":{"line":72,"column":0},"end":{"line":72,"column":79}},"72":{"start":{"line":73,"column":0},"end":{"line":73,"column":14}},"73":{"start":{"line":74,"column":0},"end":{"line":74,"column":23}},"74":{"start":{"line":75,"column":0},"end":{"line":75,"column":79}},"75":{"start":{"line":76,"column":0},"end":{"line":76,"column":14}},"76":{"start":{"line":77,"column":0},"end":{"line":77,"column":19}},"77":{"start":{"line":78,"column":0},"end":{"line":78,"column":78}},"78":{"start":{"line":79,"column":0},"end":{"line":79,"column":14}},"79":{"start":{"line":80,"column":0},"end":{"line":80,"column":21}},"80":{"start":{"line":81,"column":0},"end":{"line":81,"column":80}},"81":{"start":{"line":82,"column":0},"end":{"line":82,"column":79}},"82":{"start":{"line":83,"column":0},"end":{"line":83,"column":14}},"83":{"start":{"line":84,"column":0},"end":{"line":84,"column":14}},"84":{"start":{"line":85,"column":0},"end":{"line":85,"column":14}},"85":{"start":{"line":86,"column":0},"end":{"line":86,"column":5}},"86":{"start":{"line":87,"column":0},"end":{"line":87,"column":5}},"87":{"start":{"line":88,"column":0},"end":{"line":88,"column":43}},"88":{"start":{"line":89,"column":0},"end":{"line":89,"column":2}},"89":{"start":{"line":90,"column":0},"end":{"line":90,"column":23}}},"s":{"0":1,"1":1,"2":1,"3":1,"4":1,"5":1,"6":1,"7":1,"8":1,"9":1,"10":1,"11":1,"12":1,"13":1,"14":1,"15":1,"16":1,"17":1,"18":1,"19":1,"20":2,"21":2,"22":2,"23":2,"24":2,"25":2,"26":2,"27":2,"28":2,"29":2,"30":2,"31":10,"32":10,"33":10,"34":10,"35":4,"36":2,"37":2,"38":2,"39":2,"40":2,"41":2,"42":2,"43":2,"44":2,"45":2,"46":2,"47":2,"48":2,"49":10,"50":3,"51":3,"52":3,"53":3,"54":3,"55":3,"56":10,"57":3,"58":3,"59":3,"60":3,"61":3,"62":3,"63":0,"64":0,"65":2,"66":2,"67":10,"68":10,"69":10,"70":10,"71":3,"72":3,"73":10,"74":2,"75":2,"76":10,"77":3,"78":3,"79":10,"80":2,"81":2,"82":2,"83":10,"84":0,"85":10,"86":10,"87":2,"88":2,"89":1},"branchMap":{"0":{"type":"branch","line":11,"loc":{"start":{"line":11,"column":17},"end":{"line":11,"column":32}},"locations":[{"start":{"line":11,"column":17},"end":{"line":11,"column":32}}]},"1":{"type":"branch","line":12,"loc":{"start":{"line":12,"column":17},"end":{"line":12,"column":35}},"locations":[{"start":{"line":12,"column":17},"end":{"line":12,"column":35}}]},"2":{"type":"branch","line":13,"loc":{"start":{"line":13,"column":17},"end":{"line":13,"column":34}},"locations":[{"start":{"line":13,"column":17},"end":{"line":13,"column":34}}]},"3":{"type":"branch","line":14,"loc":{"start":{"line":14,"column":17},"end":{"line":14,"column":34}},"locations":[{"start":{"line":14,"column":17},"end":{"line":14,"column":34}}]},"4":{"type":"branch","line":16,"loc":{"start":{"line":16,"column":21},"end":{"line":16,"column":38}},"locations":[{"start":{"line":16,"column":21},"end":{"line":16,"column":38}}]},"5":{"type":"branch","line":17,"loc":{"start":{"line":17,"column":18},"end":{"line":17,"column":33}},"locations":[{"start":{"line":17,"column":18},"end":{"line":17,"column":33}}]},"6":{"type":"branch","line":18,"loc":{"start":{"line":18,"column":24},"end":{"line":18,"column":41}},"locations":[{"start":{"line":18,"column":24},"end":{"line":18,"column":41}}]},"7":{"type":"branch","line":20,"loc":{"start":{"line":20,"column":16},"end":{"line":89,"column":2}},"locations":[{"start":{"line":20,"column":16},"end":{"line":89,"column":2}}]},"8":{"type":"branch","line":31,"loc":{"start":{"line":31,"column":27},"end":{"line":65,"column":5}},"locations":[{"start":{"line":31,"column":27},"end":{"line":65,"column":5}}]},"9":{"type":"branch","line":35,"loc":{"start":{"line":35,"column":8},"end":{"line":35,"column":30}},"locations":[{"start":{"line":35,"column":8},"end":{"line":35,"column":30}}]},"10":{"type":"branch","line":35,"loc":{"start":{"line":35,"column":48},"end":{"line":49,"column":5}},"locations":[{"start":{"line":35,"column":48},"end":{"line":49,"column":5}}]},"11":{"type":"branch","line":36,"loc":{"start":{"line":36,"column":29},"end":{"line":49,"column":5}},"locations":[{"start":{"line":36,"column":29},"end":{"line":49,"column":5}}]},"12":{"type":"branch","line":50,"loc":{"start":{"line":50,"column":-1},"end":{"line":50,"column":8}},"locations":[{"start":{"line":50,"column":-1},"end":{"line":50,"column":8}}]},"13":{"type":"branch","line":50,"loc":{"start":{"line":50,"column":28},"end":{"line":57,"column":31}},"locations":[{"start":{"line":50,"column":28},"end":{"line":57,"column":31}}]},"14":{"type":"branch","line":57,"loc":{"start":{"line":57,"column":49},"end":{"line":63,"column":5}},"locations":[{"start":{"line":57,"column":49},"end":{"line":63,"column":5}}]},"15":{"type":"branch","line":64,"loc":{"start":{"line":64,"column":-1},"end":{"line":65,"column":5}},"locations":[{"start":{"line":64,"column":-1},"end":{"line":65,"column":5}}]},"16":{"type":"branch","line":67,"loc":{"start":{"line":67,"column":18},"end":{"line":87,"column":5}},"locations":[{"start":{"line":67,"column":18},"end":{"line":87,"column":5}}]},"17":{"type":"branch","line":71,"loc":{"start":{"line":71,"column":6},"end":{"line":73,"column":14}},"locations":[{"start":{"line":71,"column":6},"end":{"line":73,"column":14}}]},"18":{"type":"branch","line":74,"loc":{"start":{"line":74,"column":6},"end":{"line":76,"column":14}},"locations":[{"start":{"line":74,"column":6},"end":{"line":76,"column":14}}]},"19":{"type":"branch","line":77,"loc":{"start":{"line":77,"column":6},"end":{"line":79,"column":14}},"locations":[{"start":{"line":77,"column":6},"end":{"line":79,"column":14}}]},"20":{"type":"branch","line":80,"loc":{"start":{"line":80,"column":6},"end":{"line":83,"column":14}},"locations":[{"start":{"line":80,"column":6},"end":{"line":83,"column":14}}]},"21":{"type":"branch","line":84,"loc":{"start":{"line":84,"column":6},"end":{"line":85,"column":14}},"locations":[{"start":{"line":84,"column":6},"end":{"line":85,"column":14}}]}},"b":{"0":[4],"1":[32],"2":[10],"3":[10],"4":[4],"5":[4],"6":[4],"7":[2],"8":[10],"9":[7],"10":[4],"11":[2],"12":[6],"13":[3],"14":[3],"15":[0],"16":[10],"17":[3],"18":[2],"19":[3],"20":[2],"21":[0]},"fnMap":{"0":{"name":"getKeys","decl":{"start":{"line":11,"column":17},"end":{"line":11,"column":32}},"loc":{"start":{"line":11,"column":17},"end":{"line":11,"column":32}},"line":11},"1":{"name":"getValue","decl":{"start":{"line":12,"column":17},"end":{"line":12,"column":35}},"loc":{"start":{"line":12,"column":17},"end":{"line":12,"column":35}},"line":12},"2":{"name":"getType","decl":{"start":{"line":13,"column":17},"end":{"line":13,"column":34}},"loc":{"start":{"line":13,"column":17},"end":{"line":13,"column":34}},"line":13},"3":{"name":"getName","decl":{"start":{"line":14,"column":17},"end":{"line":14,"column":34}},"loc":{"start":{"line":14,"column":17},"end":{"line":14,"column":34}},"line":14},"4":{"name":"getPathFile","decl":{"start":{"line":16,"column":21},"end":{"line":16,"column":38}},"loc":{"start":{"line":16,"column":21},"end":{"line":16,"column":38}},"line":16},"5":{"name":"readFile","decl":{"start":{"line":17,"column":18},"end":{"line":17,"column":33}},"loc":{"start":{"line":17,"column":18},"end":{"line":17,"column":33}},"line":17},"6":{"name":"getFile","decl":{"start":{"line":18,"column":24},"end":{"line":18,"column":41}},"loc":{"start":{"line":18,"column":24},"end":{"line":18,"column":41}},"line":18},"7":{"name":"gendiff","decl":{"start":{"line":20,"column":16},"end":{"line":89,"column":2}},"loc":{"start":{"line":20,"column":16},"end":{"line":89,"column":2}},"line":20}},"f":{"0":4,"1":32,"2":10,"3":10,"4":4,"5":4,"6":4,"7":2}}
}
