TN:
SF:src/gendiff.js
FN:11,getKeys
FN:12,getValue
FN:13,getType
FN:14,getName
FN:16,getPathFile
FN:17,readFile
FN:18,getFile
FN:20,gendiff
FNF:8
FNH:8
FNDA:4,getKeys
FNDA:32,getValue
FNDA:10,getType
FNDA:10,getName
FNDA:4,getPathFile
FNDA:4,readFile
FNDA:4,getFile
FNDA:2,gendiff
DA:1,1
DA:2,1
DA:3,1
DA:4,1
DA:5,1
DA:6,1
DA:7,1
DA:8,1
DA:9,1
DA:10,1
DA:11,1
DA:12,1
DA:13,1
DA:14,1
DA:15,1
DA:16,1
DA:17,1
DA:18,1
DA:19,1
DA:20,1
DA:21,2
DA:22,2
DA:23,2
DA:24,2
DA:25,2
DA:26,2
DA:27,2
DA:28,2
DA:29,2
DA:30,2
DA:31,2
DA:32,10
DA:33,10
DA:34,10
DA:35,10
DA:36,4
DA:37,2
DA:38,2
DA:39,2
DA:40,2
DA:41,2
DA:42,2
DA:43,2
DA:44,2
DA:45,2
DA:46,2
DA:47,2
DA:48,2
DA:49,2
DA:50,10
DA:51,3
DA:52,3
DA:53,3
DA:54,3
DA:55,3
DA:56,3
DA:57,10
DA:58,3
DA:59,3
DA:60,3
DA:61,3
DA:62,3
DA:63,3
DA:64,0
DA:65,0
DA:66,2
DA:67,2
DA:68,10
DA:69,10
DA:70,10
DA:71,10
DA:72,3
DA:73,3
DA:74,10
DA:75,2
DA:76,2
DA:77,10
DA:78,3
DA:79,3
DA:80,10
DA:81,2
DA:82,2
DA:83,2
DA:84,10
DA:85,0
DA:86,10
DA:87,10
DA:88,2
DA:89,2
DA:90,1
LF:90
LH:87
BRDA:11,0,0,4
BRDA:12,1,0,32
BRDA:13,2,0,10
BRDA:14,3,0,10
BRDA:16,4,0,4
BRDA:17,5,0,4
BRDA:18,6,0,4
BRDA:20,7,0,2
BRDA:31,8,0,10
BRDA:35,9,0,7
BRDA:35,10,0,4
BRDA:36,11,0,2
BRDA:50,12,0,6
BRDA:50,13,0,3
BRDA:57,14,0,3
BRDA:64,15,0,0
BRDA:67,16,0,10
BRDA:71,17,0,3
BRDA:74,18,0,2
BRDA:77,19,0,3
BRDA:80,20,0,2
BRDA:84,21,0,0
BRF:22
BRH:20
end_of_record
